[debug] [2023-01-22T11:38:28.742Z] ----------------------------------------------------------------------
[debug] [2023-01-22T11:38:28.743Z] Command:       /opt/homebrew/Cellar/node/18.9.0/bin/node /opt/homebrew/bin/firebase init
[debug] [2023-01-22T11:38:28.744Z] CLI Version:   11.21.0
[debug] [2023-01-22T11:38:28.744Z] Platform:      darwin
[debug] [2023-01-22T11:38:28.744Z] Node Version:  v18.9.0
[debug] [2023-01-22T11:38:28.745Z] Time:          Sun Jan 22 2023 17:08:28 GMT+0530 (India Standard Time)
[debug] [2023-01-22T11:38:28.745Z] ----------------------------------------------------------------------
[debug] 
[debug] [2023-01-22T11:38:28.748Z] > command requires scopes: ["email","openid","https://www.googleapis.com/auth/cloudplatformprojects.readonly","https://www.googleapis.com/auth/firebase","https://www.googleapis.com/auth/cloud-platform"]
[debug] [2023-01-22T11:38:28.748Z] > authorizing via signed-in user (sdemuralidharan@gmail.com)
[info] 
     ######## #### ########  ######## ########     ###     ######  ########
     ##        ##  ##     ## ##       ##     ##  ##   ##  ##       ##
     ######    ##  ########  ######   ########  #########  ######  ######
     ##        ##  ##    ##  ##       ##     ## ##     ##       ## ##
     ##       #### ##     ## ######## ########  ##     ##  ######  ########

You're about to initialize a Firebase project in this directory:

  /Users/murali-15740/WebstormProjects/whatsapp/whatsapp

[info] 
=== Project Setup
[info] 
[info] First, let's associate this project directory with a Firebase project.
[info] You can create multiple project aliases by running firebase use --add, 
[info] but for now we'll just set up a default project.
[info] 
[debug] [2023-01-22T11:38:48.290Z] >>> [apiv2][query] GET https://firebase.googleapis.com/v1beta1/projects pageSize=100
[debug] [2023-01-22T11:38:48.981Z] <<< [apiv2][status] GET https://firebase.googleapis.com/v1beta1/projects 200
[debug] [2023-01-22T11:38:48.981Z] <<< [apiv2][body] GET https://firebase.googleapis.com/v1beta1/projects [omitted]
[info] i  Using project whats-app-76ad7 (Whats App) 
[info] 
=== Hosting Setup
[info] 
[info] Your public directory is the folder (relative to your project directory) that
[info] will contain Hosting assets to be uploaded with firebase deploy. If you
[info] have a build process for your assets, use your build's output directory.
[info] 
[debug] [2023-01-22T11:39:40.970Z] >>> [apiv2][query] GET https://www.gstatic.com/firebasejs/releases.json [none]
[debug] [2023-01-22T11:39:41.096Z] <<< [apiv2][status] GET https://www.gstatic.com/firebasejs/releases.json 200
[debug] [2023-01-22T11:39:41.096Z] <<< [apiv2][body] GET https://www.gstatic.com/firebasejs/releases.json {"current":{"version":"9.16.0","browserURL":"https://www.gstatic.com/firebasejs/9.16.0/firebase.js","packageURL":"https://www.gstatic.com/firebasejs/9.16.0/firebase.tgz"},"live":{"version":"9.16","browserURL":"https://www.gstatic.com/firebasejs/live/9.16/firebase.js","packageURL":"https://www.gstatic.com/firebasejs/live/9.16/firebase.tgz"},"components":{"analytics":"https://www.gstatic.com/firebasejs/9.16.0/firebase-analytics.js","app":"https://www.gstatic.com/firebasejs/9.16.0/firebase-app.js","app-check":"https://www.gstatic.com/firebasejs/9.16.0/firebase-app-check.js","auth":"https://www.gstatic.com/firebasejs/9.16.0/firebase-auth.js","auth/cordova":"https://www.gstatic.com/firebasejs/9.16.0/firebase-auth/cordova.js","auth/react-native":"https://www.gstatic.com/firebasejs/9.16.0/firebase-auth/react-native.js","functions":"https://www.gstatic.com/firebasejs/9.16.0/firebase-functions.js","firestore":"https://www.gstatic.com/firebasejs/9.16.0/firebase-firestore.js","firestore/lite":"https://www.gstatic.com/firebasejs/9.16.0/firebase-firestore/lite.js","installations":"https://www.gstatic.com/firebasejs/9.16.0/firebase-installations.js","storage":"https://www.gstatic.com/firebasejs/9.16.0/firebase-storage.js","performance":"https://www.gstatic.com/firebasejs/9.16.0/firebase-performance.js","remote-config":"https://www.gstatic.com/firebasejs/9.16.0/firebase-remote-config.js","messaging":"https://www.gstatic.com/firebasejs/9.16.0/firebase-messaging.js","messaging/sw":"https://www.gstatic.com/firebasejs/9.16.0/firebase-messaging/sw.js","database":"https://www.gstatic.com/firebasejs/9.16.0/firebase-database.js","firestore.memory":"https://www.gstatic.com/firebasejs/9.16.0/firebase-firestore.memory.js"}}
[info] ✔  Wrote build/index.html 
[info] 
[info] i  Detected a .git folder at /Users/murali-15740/WebstormProjects/whatsapp/whatsapp 
[info] i  Authorizing with GitHub to upload your service account to a GitHub repository's secrets store. 
[info] 
[info] Visit this URL on this device to log in:
[info] https://github.com/login/oauth/authorize?client_id=89cf50f02ac6aaed3484&state=828270694&redirect_uri=http%3A%2F%2Flocalhost%3A9005&scope=read%3Auser%20repo%20public_repo
[info] 
[info] Waiting for authentication...
[debug] [2023-01-22T11:39:52.590Z] >>> [apiv2][query] POST https://github.com/login/oauth/access_token [none]
[debug] [2023-01-22T11:39:52.591Z] >>> [apiv2][body] POST https://github.com/login/oauth/access_token [stream]
[debug] [2023-01-22T11:39:53.059Z] <<< [apiv2][status] POST https://github.com/login/oauth/access_token 200
[debug] [2023-01-22T11:39:53.060Z] <<< [apiv2][body] POST https://github.com/login/oauth/access_token {"access_token":"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","token_type":"bearer","scope":"read:user,repo"}
[debug] [2023-01-22T11:39:53.075Z] >>> [apiv2][query] GET https://api.github.com/user [none]
[debug] [2023-01-22T11:39:53.527Z] <<< [apiv2][status] GET https://api.github.com/user 200
[debug] [2023-01-22T11:39:53.528Z] <<< [apiv2][body] GET https://api.github.com/user {"login":"rmuraliatgit","id":53975451,"node_id":"MDQ6VXNlcjUzOTc1NDUx","avatar_url":"https://avatars.githubusercontent.com/u/53975451?v=4","gravatar_id":"","url":"https://api.github.com/users/rmuraliatgit","html_url":"https://github.com/rmuraliatgit","followers_url":"https://api.github.com/users/rmuraliatgit/followers","following_url":"https://api.github.com/users/rmuraliatgit/following{/other_user}","gists_url":"https://api.github.com/users/rmuraliatgit/gists{/gist_id}","starred_url":"https://api.github.com/users/rmuraliatgit/starred{/owner}{/repo}","subscriptions_url":"https://api.github.com/users/rmuraliatgit/subscriptions","organizations_url":"https://api.github.com/users/rmuraliatgit/orgs","repos_url":"https://api.github.com/users/rmuraliatgit/repos","events_url":"https://api.github.com/users/rmuraliatgit/events{/privacy}","received_events_url":"https://api.github.com/users/rmuraliatgit/received_events","type":"User","site_admin":false,"name":null,"company":null,"blog":"","location":null,"email":null,"hireable":null,"bio":null,"twitter_username":null,"public_repos":7,"public_gists":0,"followers":0,"following":0,"created_at":"2019-08-10T15:08:08Z","updated_at":"2023-01-13T13:00:51Z","private_gists":0,"total_private_repos":10,"owned_private_repos":10,"disk_usage":25981,"collaborators":0,"two_factor_authentication":false,"plan":{"name":"free","space":976562499,"collaborators":0,"private_repos":10000}}
[info] 
[info] ✔  Success! Logged into GitHub as rmuraliatgit 
[info] 
